[16:29:23,059] 85 49 E7 D6 C6 00 00 D8 4A 08 0A 00 00 00 00 00 88 00 08 18 00 02 00 90 50 FE 00 A4 84 10 00
[16:29:23,299] 0D 10 16 20 00 01 02 00 00 83 F1
[16:29:23,695] 0E 10 16 20 00 01 02 00 00 97 01
[16:29:24,096] 0F 10 16 20 00 01 02 00 00 9A 91
[16:29:24,501] 55 AA EB 90 02 00 C8 0C C7 0C C7 0C C7 0C C8 0C C8 0C C7 0C C8 0C C7 0C C7 0C C7 0C C8 0C C8 0C C7 0C C8 0C C8 0C 00 00 00 00 00 00 00 00 00 00 00 00 00 00 00 00 00 00 00 00 00 00 00 00 00 00 00 00 00 00 00 00 FF FF 00 00 C7 0C 01 00 00 01 3E 00 3B 00 3D 00 3B 00 3E 00 3B 00 3D 00 3B 00 3E 00 3C 00 3E 00 3C 00 3E 00 3D 00 3F 00 3D 00 00 00 00 00 00 00 00 00 00 00 00 00 00 00 00 00 00 00 00 00 00 00 00 00 00 00 00 00 00 00 00 00 BD 00 00 00 00 00 74 CC 00 00 00 00 00 00 00 00 00 00 A9 00 AD 00 00 00 08 00 00 00 00 41 6B 18 03 00 90 CA 04 00 00 00 00 00 FB 01 00 00 64 00 00 00 CA FF 03 00 01 01 00 00 00 00 00 00 00 00 00 00 00 00 00 00 FF 00 01 00 00 00 AF 03 00 00 00 00 5E 48 3F 40 00 00 00 00 72 14 00 00 00 01 01 01 00 06 00 00 E2 6F 26 00 00 00 00 00 BD 00 AE 00 A9 00 AB 03 71 B8 1F 09 05 00 00 00 80 51 01 00 00 00 02 00 A3 67 00 00 00 00 00 00 00 FE FF 7F DC 2F 01 01 B0 0F 00 00 00 1D
               00 10 16 20 00 01 05 9A
[16:29:24,907] 55 AA EB 90 01 00 AC 0D 00 00 14 0A 00 00 3C 0A 00 00 42 0E 00 00 FC 0D 00 00 0A 00 00 00 06 0E 00 00 28 0A 00 00 10 0E 00 00 AC 0D 00 00 C4 09 00 00 40 9C 00 00 03 00 00 00 3C 00 00 00 F0 49 02 00 2C 01 00 00 3C 00 00 00 05 00 00 00 E8 03 00 00 BC 02 00 00 58 02 00 00 BC 02 00 00 58 02 00 00 14 00 00 00 46 00 00 00 20 03 00 00 BC 02 00 00 10 00 00 00 01 00 00 00 01 00 00 00 01 00 00 00 90 CA 04 00 DC 05 00 00 B8 0B 00 00 00 00 00 00 00 00 00 00 00 00 00 00 00 00 00 00 00 00 00 00 00 00 00 00 00 00 00 00 00 00 00 00 00 00 00 00 00 00 00 00 00 00 00 00 00 00 00 00 00 00 00 00 00 00 00 00 00 00 00 00 00 00 00 00 00 00 00 00 00 00 00 00 00 00 00 00 00 00 00 00 00 00 00 00 00 00 00 00 00 00 00 00 00 00 00 00 00 00 00 00 00 00 00 00 00 00 00 00 00 00 00 00 00 00 00 00 00 00 00 00 00 00 00 00 00 00 00 00 00 00 00 00 00 00 00 00 60 E3 16 00 00 32 3C 32 18 FE FF FF FF 9F E9 1D 02 00 00 00 00 C7
               00 10 16 1E 00 01 64 56
[16:29:25,701] 01 10 16 1E 00 01 02 00 00 D2 2F 
               55 AA EB 90 01 05 AC 0D 00 00 14 0A 00 00 3C 0A 00 00 42 0E 00 00 FC 0D 00 00 0A 00 00 00 06 0E
[16:29:25,712] 01 10 16 20 00 01 02 00 00 D6 F1
[16:29:25,713] 55 AA EB 90 02 05 C3 0C C3 0C C4 0C C4 0C C4 0C C4 0C C4 0C C3 0C C4 0C C4 0C C4 0C C4 0C C4 0C C4 0C C4 0C C4 0C 00 00 00 00 00 00 00 00 00 00 00 00 00 00 00 00 00 00 00 00 00 00 00 00 00 00 00 00 00 00 00 00 FF FF 00 00 C4 0C 02 00 0D 00 3A 00 37 00 3A 00 37 00 3A 00 38 00 3A 00 37 00 3B 00 39 00 3B 00 38 00 3B 00 3A 00 3C 00 3A 00 00 00 00 00 00 00 00 00 00 00 00 00 00 00 00 00 00 00 00 00 00 00 00 00 00 00 00 00 00 00 00 00 AE 00 00 00 00 00 3C CC 00 00 00 00 00 00 00 00 00 00 A7 00 AC 00 00 00 08 00 00 00 00 40 CA 14 03 00 90 CA 04 00 00 00 00 00 16 02 00 00 64 00 00 00 9A FF 03 00 01 01 00 00 00 00 00 00 00 00 00 00 00 00 00 00 FF 00 01 00 00 00 A8 03 00 00 00 00 9C D7 3E 40 00 00 00 00 6C 14 00 00 00 01 01 01 00 06 00 00 64 6B 26 00 00 00 00 00 AE 00 AB 00 A9 00 A4 03 72 B8 1F 09 03 00 00 00 80 51 01 00 00 00 01 00 47 6D 00 00 00 00 00 00 00 FE FF 7F DC 2F 01 01 B0 0F 00 00 00 83
[16:29:25,715] 01 10 16 20 00 01 04 4B
                                                                                                               00 00 28 0A 00 00 10 0E 00 00 AC 0D 00 00 C4 09 00 00 40 9C 00 00 03 00 00 00 3C 00 00 00 F0 49 02 00 2C 01 00 00 3C 00 00 00 05 00 00 00 E8 03 00 00 BC 02 00 00 58 02 00 00 BC 02 00 00 58 02 00 00 14 00 00 00 32 00 00 00 E8 03 00 00 20 03 00 00 10 00 00 00 01 00 00 00 01 00 00 00 01 00 00 00 90 CA 04 00 DC 05 00 00 B8 0B 00 00 00 00 00 00 00 00 00 00 00 00 00 00 00 00 00 00 00 00 00 00 00 00 00 00 00 00 00 00 00 00 00 00 00 00 00 00 00 00 00 00 00 00 00 00 00 00 00 00 00 00 00 00 00 00 00 00 00 00 00 00 00 00 00 00 00 00 00 00 00 00 00 00 00 00 00 00 00 00 00 00 00 00 00 00 00 00 00 00 00 00 00 00 00 00 00 00 00 00 00 00 00 00 00 00 00 00 00 00 00 00 00 00 00 00 00 00 00 00 00 00 00 00 00 00 00 00 00 00 01 00 00 00 00 00 00 00 60 E3 16 00 00 32 3C 32 18 FE FF FF FF 9F E9 1D 02 00 00 00 00 E6
[16:29:26,410] 01 10 16 1E 00 01 65 87
[16:29:26,413] 02 10 16 20 00 01 02 00 00 C2 01
[16:29:27,402] 03 10 16 20 00 01 02 00 00 CF 91
[16:29:27,403] 04 10 16 20 00 01 02 00 00 E9 A1
[16:29:27,403] 05 10 16 20 00 01 02 00 00 E4 31
[16:29:28,004] 06 10 16 20 00 01 02 00 00 F0 C1
[16:29:28,544] 07 10 16 20 00 01 02 00 00 FD 51
[16:29:28,545] 08 10 16 20 00 01 02 00 00 BC A1
[16:29:29,594] 09 10 16 20 00 01 02 00 00 B1 31
[16:29:29,595] 0A 10 16 20 00 01 02 00 00 A5 C1
[16:29:30,441] 0B 10 16 20 00 01 02 00 00 A8 51
[16:29:30,442] 0C 10 16 20 00 01 02 00 00 8E 61
[16:29:30,883] 0D 10 16 20 00 01 02 00 00 83 F1
[16:29:33,879] 0E 10 16 20 00 01 02 00 00 97 01
[16:29:33,879] 0F 10 16 20 00 01 02 00 00 9A 91
[16:29:33,892] 55 AA EB 90 02 00 C8 0C C8 0C C7 0C C7 0C C8 0C C8 0C C7 0C C8 0C C7 0C C8 0C C7 0C C7 0C C8 0C C7 0C C8 0C C8 0C 00 00 00 00 00 00 00 00 00 00 00 00 00 00 00 00 00 00 00 00 00 00 00 00 00 00 00 00 00 00 00 00 FF FF 00 00 C7 0C 01 00 00 01 3E 00 3B 00 3D 00 3B 00 3E 00 3B 00 3D 00 3B 00 3E 00 3C 00 3E 00 3C 00 3E 00 3D 00 3F 00 3D 00 00 00 00 00 00 00 00 00 00 00 00 00 00 00 00 00 00 00 00 00 00 00 00 00 00 00 00 00 00 00 00 00 BD 00 00 00 00 00 76 CC 00 00 00 00 00 00 00 00 00 00 AA 00 AD 00 00 00 08 00 00 00 00 41 6B 18 03 00 90 CA 04 00 00 00 00 00 FB 01 00 00 64 00 00 00 D1 FF 03 00 01 01 00 00 00 00 00 00 00 00 00 00 00 00 00 00 FF 00 01 00 00 00 AF 03 00 00 00 00 5E 48 3F 40 00 00 00 00 72 14 00 00 00 01 01 01 00 06 00 00 2A 70 26 00 00 00 00 00 BD 00 AE 00 A8 00 AB 03 78 B8 1F 09 05 00 00 00 80 51 01 00 00 00 02 03 A4 67 00 00 00 00 00 00 00 FE FF 7F DC 2F 01 01 B0 0F 00 00 00 7B
               00 10 16 20 00 01 05 9A
[16:29:33,906] 55 AA EB 90 01 00 AC 0D 00 00 14 0A 00 00 3C 0A 00 00 42 0E 00 00 FC 0D 00 00 0A 00 00 00 06 0E 00 00 28 0A 00 00 10 0E 00 00 AC 0D 00 00 C4 09 00 00 40 9C 00 00 03 00 00 00 3C 00 00 00 F0 49 02 00 2C 01 00 00 3C 00 00 00 05 00 00 00 E8 03 00 00 BC 02 00 00 58 02 00 00 BC 02 00 00 58 02 00 00 14 00 00 00 46 00 00 00 20 03 00 00 BC 02 00 00 10 00 00 00 01 00 00 00 01 00 00 00 01 00 00 00 90 CA 04 00 DC 05 00 00 B8 0B 00 00 00 00 00 00 00 00 00 00 00 00 00 00 00 00 00 00 00 00 00 00 00 00 00 00 00 00 00 00 00 00 00 00 00 00 00 00 00 00 00 00 00 00 00 00 00 00 00 00 00 00 00 00 00 00 00 00 00 00 00 00 00 00 00 00 00 00 00 00 00 00 00 00 00 00 00 00 00 00 00 00 00 00 00 00 00 00 00 00 00 00 00 00 00 00 00 00 00 00 00 00 00 00 00 00 00 00 00 00 00 00 00 00 00 00 00 00 00 00 00 00 00 00 00 00 00 00 00 00 00 00 00 00 00 00 00 00 60 E3 16 00 00 32 3C 32 18 FE FF FF FF 9F E9 1D 02 00 00 00 00 C7
               00 10 16 1E 00 01 64 56
[16:29:33,929] 01 10 16 20 00 01 02 00 00 D6 F1
[16:29:33,929] 55 AA EB 90 02 05 C3 0C C3 0C C4 0C C4 0C C4 0C C4 0C C3 0C C3 0C C4 0C C4 0C C4 0C C4 0C C4 0C C4 0C C4 0C C4 0C 00 00 00 00 00 00 00 00 00 00 00 00 00 00 00 00 00 00 00 00 00 00 00 00 00 00 00 00 00 00 00 00 FF FF 00 00 C4 0C 01 00 04 00 3A 00 37 00 3A 00 37 00 3A 00 38 00 3A 00 37 00 3B 00 39 00 3B 00 38 00 3B 00 3A 00 3C 00 3A 00 00 00 00 00 00 00 00 00 00 00 00 00 00 00 00 00 00 00 00 00 00 00 00 00 00 00 00 00 00 00 00 00 AE 00 00 00 00 00 3B CC 00 00 00 00 00 00 00 00 00 00 A7 00 AC 00 00 00 08 00 00 00 00 40 CA 14 03 00 90 CA 04 00 00 00 00 00 16 02 00 00 64 00 00 00 A1 FF 03 00 01 01 00 00 00 00 00 00 00 00 00 00 00 00 00 00 FF 00 01 00 00 00 A8 03 00 00 00 00 9C D7 3E 40 00 00 00 00 6C 14 00 00 00 01 01 01 00 06 00 00 AC 6B 26 00 00 00 00 00 AE 00 AB 00 A9 00 A4 03 79 B8 1F 09 03 00 00 00 80 51 01 00 00 00 01 00 48 6D 00 00 00 00 00 00 00 FE FF 7F DC 2F 01 01 B0 0F 00 00 00 CE
               01 10 16 20 00 01 04 4B
[16:29:33,932] 01 10 16 1E 00 01 02 00 00 D2 2F
               55 AA EB 90 01 05 AC 0D 00 00 14 0A 00 00 3C 0A 00 00 42 0E 00 00 FC 0D 00 00 0A 00 00 00 06 0E 00 00 28 0A 00 00 10 0E 00 00 AC 0D 00 00 C4 09 00 00 40 9C 00 00 03 00 00 00 3C 00 00 00 F0 49 02 00 2C 01 00 00 3C 00 00 00 05 00 00 00 E8 03 00 00 BC 02 00 00 58 02 00 00 BC 02 00 00 58 02 00 00 14 00 00 00 32 00 00 00 E8 03 00 00 20 03 00 00 10 00 00 00 01 00 00 00 01 00 00 00 01 00 00 00 90 CA 04 00 DC 05 00 00 B8 0B 00 00 00 00 00 00 00 00 00 00 00 00 00 00 00 00 00 00 00 00 00 00 00 00 00 00 00 00 00 00 00 00 00 00 00 00 00 00 00 00 00 00 00 00 00 00 00 00 00 00 00 00 00 00 00 00 00 00 00 00 00 00 00 00 00 00 00 00 00 00 00 00 00 00 00 00 00 00 00 00 00 00 00 00 00 00 00 00 00 00 00 00 00 00 00 00 00 00 00 00 00 00 00 00 00 00 00 00 00 00 00 00 00 00 00 00 00 00 00 00 00 00 00 00 00 00 00 00 00 00 01 00 00 00 00 00 00 00 60 E3 16 00 00 32 3C 32 18 FE FF FF FF 9F E9 1D 02 00 00 00 00 E6
[16:29:33,941] 01 10 16 1E 00 01 65 87
[16:29:33,941] 02 10 16 20 00 01 02 00 00 C2 01
[16:29:34,025] 03 10 16 20 00 01 02 00 00 CF 91
[16:29:35,141] 04 10 16 20 00 01 02 00 00 E9 A1
[16:29:35,141] 05 10 16 20 00 01 02 00 00 E4 31
[16:29:35,141] 06 10 16 20 00 01 02 00 00 F0 C1
[16:29:36,988] 07 10 16 20 00 01 02 00 00 FD 51
[16:29:36,988] 08 10 16 20 00 01 02 00 00 BC A1
[16:29:36,989] 09 10 16 20 00 01 02 00 00 B1 31
[16:29:36,989] 0A 10 16 20 00 01 02 00 00 A5 C1
[16:29:37,835] 0B 10 16 20 00 01 02 00 00 A8 51
[16:29:37,932] 0C 10 16 20 00 01 02 00 00 8E 61
[16:29:37,932] 0D 10 16 20 00 01 02 00 00 83 F1
[16:29:38,656] 0E 10 16 20 00 01 02 00 00 97 01
[16:29:38,657] 0F 10 16 20 00 01 02 00 00 9A 91
[16:29:39,575] 55 AA EB 90 02 00 C7 0C C7 0C C7 0C C7 0C C7 0C C7 0C C7 0C C7 0C C7 0C C7 0C C8 0C C7 0C C8 0C C7 0C C8 0C C8 0C 00 00 00 00 00 00 00 00 00 00 00 00 00 00 00 00 00 00 00 00 00 00 00 00 00 00 00 00 00 00 00 00 FF FF 00 00 C7 0C 01 00 00 01 3E 00 3B 00 3D 00 3B 00 3E 00 3B 00 3D 00 3B 00 3E 00 3C 00 3E 00 3C 00 3E 00 3D 00 3F 00 3D 00 00 00 00 00 00 00 00 00 00 00 00 00 00 00 00 00 00 00 00 00 00 00 00 00 00 00 00 00 00 00 00 00 BD 00 00 00 00 00 70 CC 00 00 00 00 00 00 00 00 00 00 A9 00 AD 00 00 00 08 00 00 00 00 41 6B 18 03 00 90 CA 04 00 00 00 00 00 FB 01 00 00 64 00 00 00 D8 FF 03 00 01 01 00 00 00 00 00 00 00 00 00 00 00 00 00 00 FF 00 01 00 00 00 AF 03 00 00 00 00 5E 48 3F 40 00 00 00 00 71 14 00 00 00 01 01 01 00 06 00 00 72 70 26 00 00 00 00 00 BD 00 AE 00 A8 00 AB 03 7F B8 1F 09 05 00 00 00 80 51 01 00 00 00 02 03 A5 67 00 00 00 00 00 00 00 FE FF 7F DC 2F 01 01 B0 0F 00 00 00 C5
               00 10 16 20 00 01 05 9A
[16:29:39,586] 55 AA EB 90 01 00 AC 0D 00 00 14 0A 00 00 3C 0A 00 00 42 0E 00 00 FC 0D 00 00 0A 00 00 00 06 0E 00 00 28 0A 00 00 10 0E 00 00 AC 0D 00 00 C4 09 00 00 40 9C 00 00 03 00 00 00 3C 00 00 00 F0 49 02 00 2C 01 00 00 3C 00 00 00 05 00 00 00 E8 03 00 00 BC 02 00 00 58 02 00 00 BC 02 00 00 58 02 00 00 14 00 00 00 46 00 00 00 20 03 00 00 BC 02 00 00 10 00 00 00 01 00 00 00 01 00 00 00 01 00 00 00 90 CA 04 00 DC 05 00 00 B8 0B 00 00 00 00 00 00 00 00 00 00 00 00 00 00 00 00 00 00 00 00 00 00 00 00 00 00 00 00 00 00 00 00 00 00 00 00 00 00 00 00 00 00 00 00 00 00 00 00 00 00 00 00 00 00 00 00 00 00 00 00 00 00 00 00 00 00 00 00 00 00 00 00 00 00 00 00 00 00 00 00 00 00 00 00 00 00 00 00 00 00 00 00 00 00 00 00 00 00 00 00 00 00 00 00 00 00 00 00 00 00 00 00 00 00 00 00 00 00 00 00 00 00 00 00 00 00 00 00 00 00 00 00 00 00 00 00 00 00 60 E3 16 00 00 32 3C 32 18 FE FF FF FF 9F E9 1D 02 00 00 00 00 C7
               00 10 16 1E 00 01 64 56
[16:29:39,952] 01 10 16 20 00 01 02 00 00 D6 F1
[16:29:39,953] 55 AA EB 90 02 05 C4 0C C4 0C C4 0C C4 0C C4 0C C4 0C C4 0C C3 0C C4 0C C4 0C C4 0C C4 0C C4 0C C4 0C C4 0C C4 0C 00 00 00 00 00 00 00 00 00 00 00 00 00 00 00 00 00 00 00 00 00 00 00 00 00 00 00 00 00 00 00 00 FF FF 00 00 C4 0C 01 00 00 05 3A 00 37 00 3A 00 37 00 3A 00 38 00 3A 00 37 00 3B 00 39 00 3B 00 38 00 3B 00 3A 00 3C 00 3A 00 00 00 00 00 00 00 00 00 00 00 00 00 00 00 00 00 00 00 00 00 00 00 00 00 00 00 00 00 00 00 00 00 AE 00 00 00 00 00 3F CC 00 00 00 00 00 00 00 00 00 00 A7 00 AC 00 00 00 08 00 00 00 00 40 CA 14 03 00 90 CA 04 00 00 00 00 00 16 02 00 00 64 00 00 00 A8 FF 03 00 01 01 00 00 00 00 00 00 00 00 00 00 00 00 00 00 FF 00 01 00 00 00 A8 03 00 00 00 00 9C D7 3E 40 00 00 00 00 6C 14 00 00 00 01 01 01 00 06 00 00 F4 6B 26 00 00 00 00 00 AE 00 AB 00 A9 00 A4 03 80 B8 1F 09 03 00 00 00 80 51 01 00 00 00 01 00 49 6D 00 00 00 00 00 00 00 FE FF 7F DC 2F 01 01 B0 0F 00 00 00 2D
[16:29:39,967] 01 10 16 20 00 01 04 4B
[16:29:40,250] 01 10 16 1E 00 01 02 00 00 D2 2F
[16:29:40,257] 55 AA EB 90 01 05 AC 0D 00 00 14 0A 00 00 3C 0A 00 00 42 0E 00 00 FC 0D 00 00 0A 00 00 00 06 0E 00 00 28 0A 00 00 10 0E 00 00 AC 0D 00 00 C4 09 00 00 40 9C 00 00 03 00 00 00 3C 00 00 00 F0 49 02 00 2C 01 00 00 3C 00 00 00 05 00 00 00 E8 03 00 00 BC 02 00 00 58 02 00 00 BC 02 00 00 58 02 00 00 14 00 00 00 32 00 00 00 E8 03 00 00 20 03 00 00 10 00 00 00 01 00 00 00 01 00 00 00 01 00 00 00 90 CA 04 00 DC 05 00 00 B8 0B 00 00 00 00 00 00 00 00 00 00 00 00 00 00 00 00 00 00 00 00 00 00 00 00 00 00 00 00 00 00 00 00 00 00 00 00 00 00 00 00 00 00 00 00 00 00 00 00 00 00 00 00 00 00 00 00 00 00 00 00 00 00 00 00 00 00 00 00 00 00 00 00 00 00 00 00 00 00 00 00 00 00 00 00 00 00 00 00 00 00 00 00 00 00 00 00 00 00 00 00 00 00 00 00 00 00 00 00 00 00 00 00 00 00 00 00 00 00 00 00 00 00 00 00 00 00 00 00 00 00 01 00 00 00 00 00 00 00 60 E3 16 00 00 32 3C 32 18 FE FF FF FF 9F E9 1D 02 00 00 00 00 E6
               01 10 16 1E 00 01 65 87
[16:29:40,700] 02 10 16 20 00 01 02 00 00 C2 01
[16:29:41,536] 03 10 16 20 00 01 02 00 00 CF 91
[16:29:41,543] 04 10 16 20 00 01 02 00 00 E9 A1
[16:29:41,926] 05 10 16 20 00 01 02 00 00 E4 31
[16:29:42,282] 06 10 16 20 00 01 02 00 00 F0 C1
[16:29:43,000] 07 10 16 20 00 01 02 00 00 FD 51
[16:29:43,073] 08 10 16 20 00 01 02 00 00 BC A1
[16:29:43,346] 09 10 16 20 00 01 02 00 00 B1 31
[16:29:43,919] 0A 10 16 20 00 01 02 00 00 A5 C1
[16:29:44,395] 0B 10 16 20 00 01 02 00 00 A8 51
[16:29:44,617] 0C 10 16 20 00 01 02 00 00 8E 61
[16:29:44,915] 0D 10 16 20 00 01 02 00 00 83 F1
[16:29:45,503] 0E 10 16 20 00 01 02 00 00 97 01
[16:29:45,696] 0F 10 16 20 00 01 02 00 00 9A 91
[16:29:46,360] 55 AA EB 90 02 00 C8 0C C7 0C C8 0C C7 0C C7 0C C8 0C C8 0C C8 0C C7 0C C7 0C C7 0C C8 0C C8 0C C7 0C C8 0C C8 0C 00 00 00 00 00 00 00 00 00 00 00 00 00 00 00 00 00 00 00 00 00 00 00 00 00 00 00 00 00 00 00 00 FF FF 00 00 C7 0C 01 00 00 01 3E 00 3B 00 3D 00 3B 00 3E 00 3B 00 3D 00 3B 00 3E 00 3C 00 3E 00 3C 00 3E 00 3D 00 3F 00 3D 00 00 00 00 00 00 00 00 00 00 00 00 00 00 00 00 00 00 00 00 00 00 00 00 00 00 00 00 00 00 00 00 00 BD 00 00 00 00 00 76 CC 00 00 00 00 00 00 00 00 00 00 AA 00 AD 00 00 00 08 00 00 00 00 41 6B 18 03 00 90 CA 04 00 00 00 00 00 FB 01 00 00 64 00 00 00 DF FF 03 00 01 01 00 00 00 00 00 00 00 00 00 00 00 00 00 00 FF 00 01 00 00 00 AF 03 00 00 00 00 5E 48 3F 40 00 00 00 00 72 14 00 00 00 01 01 01 00 06 00 00 BA 70 26 00 00 00 00 00 BD 00 AE 00 A9 00 AB 03 86 B8 1F 09 05 00 00 00 80 51 01 00 00 00 02 03 A6 67 00 00 00 00 00 00 00 FE FF 7F DC 2F 01 01 B0 0F 00 00 00 2A
               00 10 16 20 00 01 05 9A
[16:29:47,115] 55 AA EB 90 01 00 AC 0D 00 00 14 0A 00 00 3C 0A 00 00 42 0E 00 00 FC 0D 00 00 0A 00 00 00 06 0E 00 00 28 0A 00 00 10 0E 00 00 AC 0D 00 00 C4 09 00 00 40 9C 00 00 03 00 00 00 3C 00 00 00 F0 49 02 00 2C 01 00 00 3C 00 00 00 05 00 00 00 E8 03 00 00 BC 02 00 00 58 02 00 00 BC 02 00 00 58 02 00 00 14 00 00 00 46 00 00 00 20 03 00 00 BC 02 00 00 10 00 00 00 01 00 00 00 01 00 00 00 01 00 00 00 90 CA 04 00 DC 05 00 00 B8 0B 00 00 00 00 00 00 00 00 00 00 00 00 00 00 00 00 00 00 00 00 00 00 00 00 00 00 00 00 00 00 00 00 00 00 00 00 00 00 00 00 00 00 00 00 00 00 00 00 00 00 00 00 00 00 00 00 00 00 00 00 00 00 00 00 00 00 00 00 00 00 00 00 00 00 00 00 00 00 00 00 00 00 00 00 00 00 00 00 00 00 00 00 00 00 00 00 00 00 00 00 00 00 00 00 00 00 00 00 00 00 00 00 00 00 00 00 00 00 00 00 00 00 00 00 00 00 00 00 00 00 00 00 00 00 00 00 00 00 60 E3 16 00 00 32 3C 32 18 FE FF FF FF 9F E9 1D 02 00 00 00 00 C7
               00 10 16 1E 00 01 64 56
[16:29:47,190] 01 10 16 20 00 01 02 00 00 D6 F1
[16:29:47,190] 55 AA EB 90 02 05 C3 0C C4 0C C4 0C C4 0C C4 0C C4 0C C4 0C C4 0C C4 0C C3 0C C4 0C C4 0C C4 0C C4 0C C4 0C C4 0C 00 00 00 00 00 00 00 00 00 00 00 00 00 00 00 00 00 00 00 00 00 00 00 00 00 00 00 00 00 00 00 00 FF FF 00 00 C4 0C 01 00 00 0B 3A 00 37 00 3A 00 37 00 3A 00 38 00 3A 00 37 00 3B 00 39 00 3B 00 38 00 3B 00 3A 00 3C 00 3A 00 00 00 00 00 00 00 00 00 00 00 00 00 00 00 00 00 00 00 00 00 00 00 00 00 00 00 00 00 00 00 00 00 AE 00 00 00 00 00 3D CC 00 00 00 00 00 00 00 00 00 00 A7 00 AC 00 00 00 08 00 00 00 00 40 CA 14 03 00 90 CA 04 00 00 00 00 00 16 02 00 00 64 00 00 00 AF FF 03 00 01 01 00 00 00 00 00 00 00 00 00 00 00 00 00 00 FF 00 01 00 00 00 A8 03 00 00 00 00 9C D7 3E 40 00 00 00 00 6C 14 00 00 00 01 01 01 00 06 00 00 3C 6C 26 00 00 00 00 00 AE 00 AB 00 A9 00 A4 03 87 B8 1F 09 03 00 00 00 80 51 01 00 00 00 01 00 4A 6D 00 00 00 00 00 00 00 FE FF 7F DC 2F 01 01 B0 0F 00 00 00 88
[16:29:47,193] 01 10 16 20 00 01 04 4B
[16:29:47,359] 01 10 16 1E 00 01 02 00 00 D2 2F
[16:29:47,359] 55 AA EB 90 01 05 AC 0D 00 00 14 0A 00 00 3C 0A 00 00 42 0E 00 00 FC 0D 00 00 0A 00 00 00 06 0E 00 00 28 0A 00 00 10 0E 00 00 AC 0D 00 00 C4 09 00 00 40 9C 00 00 03 00 00 00 3C 00 00 00 F0 49 02 00 2C 01 00 00 3C 00 00 00 05 00 00 00 E8 03 00 00 BC 02 00 00 58 02 00 00 BC 02 00 00 58 02 00 00 14 00 00 00 32 00 00 00 E8 03 00 00 20 03 00 00 10 00 00 00 01 00 00 00 01 00 00 00 01 00 00 00 90 CA 04 00 DC 05 00 00 B8 0B 00 00 00 00 00 00 00 00 00 00 00 00 00 00 00 00 00 00 00 00 00 00 00 00 00 00 00 00 00 00 00 00 00 00 00 00 00 00 00 00 00 00 00 00 00 00 00 00 00 00 00 00 00 00 00 00 00 00 00 00 00 00 00 00 00 00 00 00 00 00 00 00 00 00 00 00 00 00 00 00 00 00 00 00 00 00 00 00 00 00 00 00 00 00 00 00 00 00 00 00 00 00 00 00 00 00 00 00 00 00 00 00 00 00 00 00 00 00 00 00 00 00 00 00 00 00 00 00 00 00 01 00 00 00 00 00 00 00 60 E3 16 00 00 32 3C 32 18 FE FF FF FF 9F E9 1D 02 00 00 00 00 E6
               01 10 16 1E 00 01 65 87
[16:29:48,023] 02 10 16 20 00 01 02 00 00 C2 01
[16:29:48,169] 03 10 16 20 00 01 02 00 00 CF 91
[16:29:48,744] 04 10 16 20 00 01 02 00 00 E9 A1
[16:29:49,041] 05 10 16 20 00 01 02 00 00 E4 31
[16:29:49,370] 06 10 16 20 00 01 02 00 00 F0 C1
[16:29:49,772] 07 10 16 20 00 01 02 00 00 FD 51
[16:29:50,248] 08 10 16 20 00 01 02 00 00 BC A1
[16:29:50,643] 09 10 16 20 00 01 02 00 00 B1 31
[16:29:51,069] 0A 10 16 20 00 01 02 00 00 A5 C1
[16:29:51,461] 0B 10 16 20 00 01 02 00 00 A8 51
[16:29:51,930] 0C 10 16 20 00 01 02 00 00 8E 61
[16:29:52,234] 0D 10 16 20 00 01 02 00 00 83 F1
[16:29:52,577] 0E 10 16 20 00 01 02 00 00 97 01
[16:29:52,996] 0F 10 16 20 00 01 02 00 00 9A 91
[16:29:53,544] 55 AA EB 90 02 00 C8 0C C8 0C C8 0C C7 0C C8 0C C7 0C C7 0C C8 0C C7 0C C7 0C C7 0C C8 0C C8 0C C7 0C C7 0C C8 0C 00 00 00 00 00 00 00 00 00 00 00 00 00 00 00 00 00 00 00 00 00 00 00 00 00 00 00 00 00 00 00 00 FF FF 00 00 C7 0C 01 00 00 01 3E 00 3B 00 3D 00 3B 00 3E 00 3B 00 3D 00 3B 00 3E 00 3C 00 3E 00 3C 00 3E 00 3D 00 3F 00 3D 00 00 00 00 00 00 00 00 00 00 00 00 00 00 00 00 00 00 00 00 00 00 00 00 00 00 00 00 00 00 00 00 00 BD 00 00 00 00 00 74 CC 00 00 00 00 00 00 00 00 00 00 AA 00 AD 00 00 00 08 00 00 00 00 41 6B 18 03 00 90 CA 04 00 00 00 00 00 FB 01 00 00 64 00 00 00 E6 FF 03 00 01 01 00 00 00 00 00 00 00 00 00 00 00 00 00 00 FF 00 01 00 00 00 AF 03 00 00 00 00 5E 48 3F 40 00 00 00 00 72 14 00 00 00 01 01 01 00 06 00 00 02 71 26 00 00 00 00 00 BD 00 AE 00 A8 00 AB 03 8D B8 1F 09 05 00 00 00 80 51 01 00 00 00 02 03 A6 67 00 00 00 00 00 00 00 FE FF 7F DC 2F 01 01 B0 0F 00 00 00 7D
               00 10 16 20 00 01 05 9A
[16:29:54,182] 55 AA EB 90 01 00 AC 0D 00 00 14 0A 00 00 3C 0A 00 00 42 0E 00 00 FC 0D 00 00 0A 00 00 00 06 0E 00 00 28 0A 00 00 10 0E 00 00 AC 0D 00 00 C4 09 00 00 40 9C 00 00 03 00 00 00 3C 00 00 00 F0 49 02 00 2C 01 00 00 3C 00 00 00 05 00 00 00 E8 03 00 00 BC 02 00 00 58 02 00 00 BC 02 00 00 58 02 00 00 14 00 00 00 46 00 00 00 20 03 00 00 BC 02 00 00 10 00 00 00 01 00 00 00 01 00 00 00 01 00 00 00 90 CA 04 00 DC 05 00 00 B8 0B 00 00 00 00 00 00 00 00 00 00 00 00 00 00 00 00 00 00 00 00 00 00 00 00 00 00 00 00 00 00 00 00 00 00 00 00 00 00 00 00 00 00 00 00 00 00 00 00 00 00 00 00 00 00 00 00 00 00 00 00 00 00 00 00 00 00 00 00 00 00 00 00 00 00 00 00 00 00 00 00 00 00 00 00 00 00 00 00 00 00 00 00 00 00 00 00 00 00 00 00 00 00 00 00 00 00 00 00 00 00 00 00 00 00 00 00 00 00 00 00 00 00 00 00 00 00 00 00 00 00 00 00 00 00 00 00 00 00 60 E3 16 00 00 32 3C 32 18 FE FF FF FF 9F E9 1D 02 00 00 00 00 C7
               00 10 16 1E 00 01 64 56
[16:29:54,270] 01 10 16 20 00 01 02 00 00 D6 F1
[16:29:54,277] 55 AA EB 90 02 05 C3 0C C4 0C C4 0C C3 0C C4 0C C4 0C C4 0C C4 0C C4 0C C4 0C C4 0C C4 0C C3 0C C4 0C C4 0C C4 0C 00 00 00 00 00 00 00 00 00 00 00 00 00 00 00 00 00 00 00 00 00 00 00 00 00 00 00 00 00 00 00 00 FF FF 00 00 C4 0C 01 00 01 00 3A 00 37 00 3A 00 37 00 3A 00 38 00 3A 00 37 00 3B 00 39 00 3B 00 38 00 3B 00 3A 00 3C 00 3A 00 00 00 00 00 00 00 00 00 00 00 00 00 00 00 00 00 00 00 00 00 00 00 00 00 00 00 00 00 00 00 00 00 AE 00 00 00 00 00 3C CC 00 00 00 00 00 00 00 00 00 00 A7 00 AC 00 00 00 08 00 00 00 00 40 C9 14 03 00 90 CA 04 00 00 00 00 00 17 02 00 00 64 00 00 00 B6 FF 03 00 01 01 00 00 00 00 00 00 00 00 00 00 00 00 00 00 FF 00 01 00 00 00 A8 03 00 00 00 00 9C D7 3E 40 00 00 00 00 6C 14 00 00 00 01 01 01 00 06 00 00 84 6C 26 00 00 00 00 00 AE 00 AB 00 A9 00 A4 03 8E B8 1F 09 03 00 00 00 80 51 01 00 00 00 01 00 4B 6D 00 00 00 00 00 00 00 FE FF 7F DC 2F 01 01 B0 0F 00 00 00 D3
[16:29:54,279] 01 10 16 20 00 01 04 4B
[16:29:55,050] 01 10 16 1E 00 01 02 00 00 D2 2F
[16:29:55,050] 55 AA EB 90 01 05 AC 0D 00 00 14 0A 00 00 3C 0A 00 00 42 0E 00 00 FC 0D 00 00 0A 00 00 00 06 0E 00 00 28 0A 00 00 10 0E 00 00 AC 0D 00 00 C4 09 00 00 40 9C 00 00 03 00 00 00 3C 00 00 00 F0 49 02 00 2C 01 00 00 3C 00 00 00 05 00 00 00 E8 03 00 00 BC 02 00 00 58 02 00 00 BC 02 00 00 58 02 00 00 14 00 00 00 32 00 00 00 E8 03 00 00 20 03 00 00 10 00 00 00 01 00 00 00 01 00 00 00 01 00 00 00 90 CA 04 00 DC 05 00 00 B8 0B 00 00 00 00 00 00 00 00 00 00 00 00 00 00 00 00 00 00 00 00 00 00 00 00 00 00 00 00 00 00 00 00 00 00 00 00 00 00 00 00 00 00 00 00 00 00 00 00 00 00 00 00 00 00 00 00 00 00 00 00 00 00 00 00 00 00 00 00 00 00 00 00 00 00 00 00 00 00 00 00 00 00 00 00 00 00 00 00 00 00 00 00 00 00 00 00 00 00 00 00 00 00 00 00 00 00 00 00 00 00 00 00 00 00 00 00 00 00 00 00 00 00 00 00 00 00 00 00 00 00 01 00 00 00 00 00 00 00 60 E3 16 00 00 32 3C 32 18 FE FF FF FF 9F E9 1D 02 00 00 00 00 E6
[16:29:55,063] 01 10 16 1E 00 01 65 87
[16:29:55,072] 02 10 16 20 00 01 02 00 00 C2 01
[16:29:55,366] 03 10 16 20 00 01 02 00 00 CF 91
[16:29:55,799] 04 10 16 20 00 01 02 00 00 E9 A1
[16:29:56,276] 05 10 16 20 00 01 02 00 00 E4 31
[16:29:56,681] 06 10 16 20 00 01 02 00 00 F0 C1
[16:29:57,019] 07 10 16 20 00 01 02 00 00 FD 51
[16:29:57,412] 08 10 16 20 00 01 02 00 00 BC A1
[16:29:57,759] 09 10 16 20 00 01 02 00 00 B1 31
[16:29:58,402] 0A 10 16 20 00 01 02 00 00 A5 C1
[16:29:58,967] 0B 10 16 20 00 01 02 00 00 A8 51
[16:29:59,027] 0C 10 16 20 00 01 02 00 00 8E 61
[16:29:59,350] 0D 10 16 20 00 01 02 00 00 83 F1
[16:29:59,901] 0E 10 16 20 00 01 02 00 00 97 01
[16:30:00,106] 0F 10 16 20 00 01 02 00 00 9A 91
[16:30:00,595] 55 AA EB 90 02 00 C8 0C C8 0C C8 0C C7 0C C7 0C C7 0C C7 0C C8 0C C7 0C C8 0C C8 0C C7 0C C8 0C C7 0C C7 0C C8 0C 00 00 00 00 00 00 00 00 00 00 00 00 00 00 00 00 00 00 00 00 00 00 00 00 00 00 00 00 00 00 00 00 FF FF 00 00 C7 0C 01 00 00 01 3E 00 3B 00 3D 00 3B 00 3E 00 3B 00 3D 00 3B 00 3E 00 3C 00 3E 00 3C 00 3E 00 3D 00 3F 00 3D 00 00 00 00 00 00 00 00 00 00 00 00 00 00 00 00 00 00 00 00 00 00 00 00 00 00 00 00 00 00 00 00 00 BD 00 00 00 00 00 73 CC 00 00 00 00 00 00 00 00 00 00 AA 00 AD 00 00 00 08 00 00 00 00 41 6B 18 03 00 90 CA 04 00 00 00 00 00 FB 01 00 00 64 00 00 00 EE FF 03 00 01 01 00 00 00 00 00 00 00 00 00 00 00 00 00 00 FF 00 01 00 00 00 AF 03 00 00 00 00 5E 48 3F 40 00 00 00 00 71 14 00 00 00 01 01 01 00 06 00 00 4A 71 26 00 00 00 00 00 BD 00 AE 00 A8 00 AB 03 95 B8 1F 09 05 00 00 00 80 51 01 00 00 00 02 03 A7 67 00 00 00 00 00 00 00 FE FF 7F DC 2F 01 01 B0 0F 00 00 00 D4
               00 10 16 20 00 01 05 9A
[16:30:01,086] 55 AA EB 90 01 00 AC 0D 00 00 14 0A 00 00 3C 0A 00 00 42 0E 00 00 FC 0D 00 00 0A 00 00 00 06 0E 00 00 28 0A 00 00 10 0E 00 00 AC 0D 00 00 C4 09 00 00 40 9C 00 00 03 00 00 00 3C 00 00 00 F0 49 02 00 2C 01 00 00 3C 00 00 00 05 00 00 00 E8 03 00 00 BC 02 00 00 58 02 00 00 BC 02 00 00 58 02 00 00 14 00 00 00 46 00 00 00 20 03 00 00 BC 02 00 00 10 00 00 00 01 00 00 00 01 00 00 00 01 00 00 00 90 CA 04 00 DC 05 00 00 B8 0B 00 00 00 00 00 00 00 00 00 00 00 00 00 00 00 00 00 00 00 00 00 00 00 00 00 00 00 00 00 00 00 00 00 00 00 00 00 00 00 00 00 00 00 00 00 00 00 00 00 00 00 00 00 00 00 00 00 00 00 00 00 00 00 00 00 00 00 00 00 00 00 00 00 00 00 00 00 00 00 00 00 00 00 00 00 00 00 00 00 00 00 00 00 00 00 00 00 00 00 00 00 00 00 00 00 00 00 00 00 00 00 00 00 00 00 00 00 00 00 00 00 00 00 00 00 00 00 00 00 00 00 00 00 00 00 00 00 00 60 E3 16 00 00 32 3C 32 18 FE FF FF FF 9F E9 1D 02 00 00 00 00 C7
               00 10 16 1E 00 01 64 56
[16:30:01,469] 01 10 16 20 00 01 02 00 00 D6 F1
[16:30:01,477] 55 AA EB 90 02 05 C4 0C C4 0C C4 0C C4 0C C4 0C C4 0C C4 0C C4 0C C4 0C C4 0C C4 0C C4 0C C4 0C C4 0C C4 0C C4 0C 00 00 00 00 00 00 00 00 00 00 00 00 00 00 00 00 00 00 00 00 00 00 00 00 00 00 00 00 00 00 00 00 FF FF 00 00 C4 0C 02 00 04 03 3A 00 37 00 3A 00 37 00 3A 00 38 00 3A 00 37 00 3B 00 39 00 3B 00 38 00 3B 00 3A 00 3C 00 3A 00 00 00 00 00 00 00 00 00 00 00 00 00 00 00 00 00 00 00 00 00 00 00 00 00 00 00 00 00 00 00 00 00 AE 00 00 00 00 00 40 CC 00 00 00 00 00 00 00 00 00 00 A7 00 AC 00 00 00 08 00 00 00 00 40 C9 14 03 00 90 CA 04 00 00 00 00 00 17 02 00 00 64 00 00 00 BE FF 03 00 01 01 00 00 00 00 00 00 00 00 00 00 00 00 00 00 FF 00 01 00 00 00 A8 03 00 00 00 00 9C D7 3E 40 00 00 00 00 6C 14 00 00 00 01 01 01 00 06 00 00 CC 6C 26 00 00 00 00 00 AE 00 AB 00 A9 00 A4 03 96 B8 1F 09 03 00 00 00 80 51 01 00 00 00 01 00 4B 6D 00 00 00 00 00 00 00 FE FF 7F DC 2F 01 01 B0 0F 00 00 00 39
[16:30:01,490] 01 10 16 20 00 01 04 4B
[16:30:01,797] 01 10 16 1E 00 01 02 00 00 D2 2F
[16:30:01,799] 55 AA EB 90 01 05 AC 0D 00 00 14 0A 00 00 3C 0A 00 00 42 0E 00 00 FC 0D 00 00 0A 00 00 00 06 0E 00 00 28 0A 00 00 10 0E 00 00 AC 0D 00 00 C4 09 00 00 40 9C 00 00 03 00 00 00 3C 00 00 00 F0 49 02 00 2C 01 00 00 3C 00 00 00 05 00 00 00 E8 03 00 00 BC 02 00 00 58 02 00 00 BC 02 00 00 58 02 00 00 14 00 00 00 32 00 00 00 E8 03 00 00 20 03 00 00 10 00 00 00 01 00 00 00 01 00 00 00 01 00 00 00 90 CA 04 00 DC 05 00 00 B8 0B 00 00 00 00 00 00 00 00 00 00 00 00 00 00 00 00 00 00 00 00 00 00 00 00 00 00 00 00 00 00 00 00 00 00 00 00 00 00 00 00 00 00 00 00 00 00 00 00 00 00 00 00 00 00 00 00 00 00 00 00 00 00 00 00 00 00 00 00 00 00 00 00 00 00 00 00 00 00 00 00 00 00 00 00 00 00 00 00 00 00 00 00 00 00 00 00 00 00 00 00 00 00 00 00 00 00 00 00 00 00 00 00 00 00 00 00 00 00 00 00 00 00 00 00 00 00 00 00 00 00 01 00 00 00 00 00 00 00 60 E3 16 00 00 32 3C 32 18 FE FF FF FF 9F E9 1D 02 00 00 00 00 E6
[16:30:01,822] 01 10 16 1E 00 01 65 87
[16:30:02,153] 02 10 16 20 00 01 02 00 00 C2 01
[16:30:02,718] 03 10 16 20 00 01 02 00 00 CF 91
[16:30:02,963] 04 10 16 20 00 01 02 00 00 E9 A1
[16:30:03,558] 05 10 16 20 00 01 02 00 00 E4 31
[16:30:03,765] 06 10 16 20 00 01 02 00 00 F0 C1
[16:30:04,125] 07 10 16 20 00 01 02 00 00 FD 51
[16:30:04,553] 08 10 16 20 00 01 02 00 00 BC A1
[16:30:04,995] 09 10 16 20 00 01 02 00 00 B1 31
[16:30:05,324] 0A 10 16 20 00 01 02 00 00 A5 C1
[16:30:05,847] 0B 10 16 20 00 01 02 00 00 A8 51
[16:30:06,106] 0C 10 16 20 00 01 02 00 00 8E 61
[16:30:06,521] 0D 10 16 20 00 01 02 00 00 83 F1
[16:30:06,927] 0E 10 16 20 00 01 02 00 00 97 01
[16:30:07,304] 0F 10 16 20 00 01 02 00 00 9A 91
[16:30:07,771] 55 AA EB 90 02 00 C8 0C C7 0C C8 0C C7 0C C8 0C C7 0C C7 0C C8 0C C7 0C C7 0C C7 0C C8 0C C8 0C C7 0C C8 0C C8 0C 00 00 00 00 00 00 00 00 00 00 00 00 00 00 00 00 00 00 00 00 00 00 00 00 00 00 00 00 00 00 00 00 FF FF 00 00 C7 0C 01 00 00 01 3E 00 3B 00 3D 00 3B 00 3E 00 3B 00 3D 00 3B 00 3E 00 3C 00 3E 00 3C 00 3E 00 3D 00 3F 00 3D 00 00 00 00 00 00 00 00 00 00 00 00 00 00 00 00 00 00 00 00 00 00 00 00 00 00 00 00 00 00 00 00 00 BD 00 00 00 00 00 76 CC 00 00 00 00 00 00 00 00 00 00 AA 00 AD 00 00 00 08 00 00 00 00 41 6B 18 03 00 90 CA 04 00 00 00 00 00 FB 01 00 00 64 00 00 00 F5 FF 03 00 01 01 00 00 00 00 00 00 00 00 00 00 00 00 00 00 FF 00 01 00 00 00 AF 03 00 00 00 00 5E 48 3F 40 00 00 00 00 72 14 00 00 00 01 01 01 00 06 00 00 92 71 26 00 00 00 00 00 BD 00 AE 00 A8 00 AB 03 9C B8 1F 09 05 00 00 00 80 51 01 00 00 00 02 03 A8 67 00 00 00 00 00 00 00 FE FF 7F DC 2F 01 01 B0 0F 00 00 00 2F
               00 10 16 20 00 01 05 9A
[16:30:08,215] 55 AA EB 90 01 00 AC 0D 00 00 14 0A 00 00 3C 0A 00 00 42 0E 00 00 FC 0D 00 00 0A 00 00 00 06 0E 00 00 28 0A 00 00 10 0E 00 00 AC 0D 00 00 C4 09 00 00 40 9C 00 00 03 00 00 00 3C 00 00 00 F0 49 02 00 2C 01 00 00 3C 00 00 00 05 00 00 00 E8 03 00 00 BC 02 00 00 58 02 00 00 BC 02 00 00 58 02 00 00 14 00 00 00 46 00 00 00 20 03 00 00 BC 02 00 00 10 00 00 00 01 00 00 00 01 00 00 00 01 00 00 00 90 CA 04 00 DC 05 00 00 B8 0B 00 00 00 00 00 00 00 00 00 00 00 00 00 00 00 00 00 00 00 00 00 00 00 00 00 00 00 00 00 00 00 00 00 00 00 00 00 00 00 00 00 00 00 00 00 00 00 00 00 00 00 00 00 00 00 00 00 00 00 00 00 00 00 00 00 00 00 00 00 00 00 00 00 00 00 00 00 00 00 00 00 00 00 00 00 00 00 00 00 00 00 00 00 00 00 00 00 00 00 00 00 00 00 00 00 00 00 00 00 00 00 00 00 00 00 00 00 00 00 00 00 00 00 00 00 00 00 00 00 00 00 00 00 00 00 00 00 00 60 E3 16 00 00 32 3C 32 18 FE FF FF FF 9F E9 1D 02 00 00 00 00 C7
               00 10 16 1E 00 01 64 56
[16:30:08,566] 01 10 16 20 00 01 02 00 00 D6 F1
               55 AA EB 90 02 05 C3 0C C4 0C C4 0C C4 0C C4 0C C4 0C C4 0C C3 0C C4 0C C4 0C C4 0C C4 0C C4 0C C4 0C C4 0C C4 0C 00 00 00 00 00 00 00 00 00 00 00 00 00 00 00 00 00 00 00 00 00 00 00 00 00 00 00 00 00 00 00 00 FF FF 00 00 C4 0C 01 00 01 00 3A 00 37 00 3A 00 37 00 3A 00 38 00 3A 00 37 00 3B 00 39 00 3B 00 38 00 3B 00 3A 00 3C 00 3A 00 00 00 00 00 00 00 00 00 00 00 00 00 00 00 00 00 00 00 00 00 00 00 00 00 00 00 00 00 00 00 00 00 AE 00 00 00 00 00 3C CC 00 00 00 00 00 00 00 00 00 00 A7 00 AC 00 00 00 08 00 00 00 00 40 C9 14 03 00 90 CA 04 00 00 00 00 00 17 02 00 00 64 00 00 00 C5 FF 03 00 01 01 00 00 00 00 00 00 00 00 00 00 00 00 00 00 FF 00 01 00 00 00 A8 03 00 00 00 00 9C D7 3E 40 00 00 00 00 6C 14 00 00 00 01 01 01 00 06 00 00 14 6D 26 00 00 00 00 00 AE 00 AB 00 A9 00 A4 03 9D B8 1F 09 03 00 00 00 80 51 01 00 00 00 01 00 4C 6D 00 00 00 00 00 00 00 FE FF 7F DC 2F 01 01 B0 0F 00 00 00 84
[16:30:08,571] 01 10 16 20 00 01 04 4B
[16:30:09,047] 01 10 16 1E 00 01 02 00 00 D2 2F
[16:30:09,047] 55 AA EB 90 01 05 AC 0D 00 00 14 0A 00 00 3C 0A 00 00 42 0E 00 00 FC 0D 00 00 0A 00 00 00 06 0E 00 00 28 0A 00 00 10 0E 00 00 AC 0D 00 00 C4 09 00 00 40 9C 00 00 03 00 00 00 3C 00 00 00 F0 49 02 00 2C 01 00 00 3C 00 00 00 05 00 00 00 E8 03 00 00 BC 02 00 00 58 02 00 00 BC 02 00 00 58 02 00 00 14 00 00 00 32 00 00 00 E8 03 00 00 20 03 00 00 10 00 00 00 01 00 00 00 01 00 00 00 01 00 00 00 90 CA 04 00 DC 05 00 00 B8 0B 00 00 00 00 00 00 00 00 00 00 00 00 00 00 00 00 00 00 00 00 00 00 00 00 00 00 00 00 00 00 00 00 00 00 00 00 00 00 00 00 00 00 00 00 00 00 00 00 00 00 00 00 00 00 00 00 00 00 00 00 00 00 00 00 00 00 00 00 00 00 00 00 00 00 00 00 00 00 00 00 00 00 00 00 00 00 00 00 00 00 00 00 00 00 00 00 00 00 00 00 00 00 00 00 00 00 00 00 00 00 00 00 00 00 00 00 00 00 00 00 00 00 00 00 00 00 00 00 00 00 01 00 00 00 00 00 00 00 60 E3 16 00 00 32 3C 32 18 FE FF FF FF 9F E9 1D 02 00 00 00 00 E6
[16:30:09,059] 01 10 16 1E 00 01 65 87
[16:30:09,363] 02 10 16 20 00 01 02 00 00 C2 01
[16:30:09,734] 03 10 16 20 00 01 02 00 00 CF 91
[16:30:10,159] 04 10 16 20 00 01 02 00 00 E9 A1
[16:30:10,627] 05 10 16 20 00 01 02 00 00 E4 31
[16:30:10,990] 06 10 16 20 00 01 02 00 00 F0 C1
[16:30:11,411] 07 10 16 20 00 01 02 00 00 FD 51
[16:30:11,884] 08 10 16 20 00 01 02 00 00 BC A1
[16:30:12,215] 09 10 16 20 00 01 02 00 00 B1 31
[16:30:12,536] 0A 10 16 20 00 01 02 00 00 A5 C1
[16:30:12,976] 0B 10 16 20 00 01 02 00 00 A8 51
[16:30:13,320] 0C 10 16 20 00 01 02 00 00 8E 61
[16:30:13,869] 0D 10 16 20 00 01 02 00 00 83 F1
[16:30:14,101] 0E 10 16 20 00 01 02 00 00 97 01
[16:30:14,565] 0F 10 16 20 00 01 02 00 00 9A 91
[16:30:14,998] 55 AA EB 90 02 00 C7 0C C7 0C C7 0C C7 0C C8 0C C7 0C C7 0C C7 0C C7 0C C7 0C C7 0C C8 0C C7 0C C8 0C C7 0C C8 0C 00 00 00 00 00 00 00 00 00 00 00 00 00 00 00 00 00 00 00 00 00 00 00 00 00 00 00 00 00 00 00 00 FF FF 00 00 C7 0C 01 00 00 01 3E 00 3B 00 3D 00 3B 00 3E 00 3B 00 3D 00 3B 00 3E 00 3C 00 3E 00 3C 00 3E 00 3D 00 3F 00 3D 00 00 00 00 00 00 00 00 00 00 00 00 00 00 00 00 00 00 00 00 00 00 00 00 00 00 00 00 00 00 00 00 00 BD 00 00 00 00 00 71 CC 00 00 00 00 00 00 00 00 00 00 AA 00 AD 00 00 00 08 00 00 00 00 41 6B 18 03 00 90 CA 04 00 00 00 00 00 FB 01 00 00 64 00 00 00 FC FF 03 00 01 01 00 00 00 00 00 00 00 00 00 00 00 00 00 00 FF 00 01 00 00 00 AF 03 00 00 00 00 5E 48 3F 40 00 00 00 00 71 14 00 00 00 01 01 01 00 06 00 00 DA 71 26 00 00 00 00 00 BD 00 AE 00 A8 00 AB 03 A3 B8 1F 09 05 00 00 00 80 51 01 00 00 00 02 03 A9 67 00 00 00 00 00 00 00 FE FF 7F DC 2F 01 01 B0 0F 00 00 00 7C
               00 10 16 20 00 01 05 9A
[16:30:15,401] 55 AA EB 90 01 00 AC 0D 00 00 14 0A 00 00 3C 0A 00 00 42 0E 00 00 FC 0D 00 00 0A 00 00 00 06 0E 00 00 28 0A 00 00 10 0E 00 00 AC 0D 00 00 C4 09 00 00 40 9C 00 00 03 00 00 00 3C 00 00 00 F0 49 02 00 2C 01 00 00 3C 00 00 00 05 00 00 00 E8 03 00 00 BC 02 00 00 58 02 00 00 BC 02 00 00 58 02 00 00 14 00 00 00 46 00 00 00 20 03 00 00 BC 02 00 00 10 00 00 00 01 00 00 00 01 00 00 00 01 00 00 00 90 CA 04 00 DC 05 00 00 B8 0B 00 00 00 00 00 00 00 00 00 00 00 00 00 00 00 00 00 00 00 00 00 00 00 00 00 00 00 00 00 00 00 00 00 00 00 00 00 00 00 00 00 00 00 00 00 00 00 00 00 00 00 00 00 00 00 00 00 00 00 00 00 00 00 00 00 00 00 00 00 00 00 00 00 00 00 00 00 00 00 00 00 00 00 00 00 00 00 00 00 00 00 00 00 00 00 00 00 00 00 00 00 00 00 00 00 00 00 00 00 00 00 00 00 00 00 00 00 00 00 00 00 00 00 00 00 00 00 00 00 00 00 00 00 00 00 00 00 00 60 E3 16 00 00 32 3C 32 18 FE FF FF FF 9F E9 1D 02 00 00 00 00 C7
               00 10 16 1E 00 01 64 56
[16:30:15,986] 01 10 16 20 00 01 02 00 00 D6 F1
               55 AA EB 90 02 05 C3 0C C4 0C C4 0C C4 0C C4 0C C4 0C C4 0C C4 0C C4 0C C4 0C C4 0C C4 0C C4 0C C4 0C C3 0C C4 0C 00 00 00 00 00 00 00 00 00 00 00 00 00 00 00 00 00 00 00 00 00 00 00 00 00 00 00 00 00 00 00 00 FF FF 00 00 C4 0C 01 00 00 09 3A 00 37 00 3A 00 37 00 3A 00 38 00 3A 00 37 00 3B 00 39 00 3B 00 38 00 3B 00 3A 00 3C 00 3A 00 00 00 00 00 00 00 00 00 00 00 00 00 00 00 00 00 00 00 00 00 00 00 00 00 00 00 00 00 00 00 00 00 AE 00 00 00 00 00 3C CC 00 00 00 00 00 00 00 00 00 00 A8 00 AC 00 00 00 08 00 00 00 00 40 C9 14 03 00 90 CA 04 00 00 00 00 00 17 02 00 00 64 00 00 00 CC FF 03 00 01 01 00 00 00 00 00 00 00 00 00 00 00 00 00 00 FF 00 01 00 00 00 A8 03 00 00 00 00 9C D7 3E 40 00 00 00 00 6C 14 00 00 00 01 01 01 00 06 00 00 5C 6D 26 00 00 00 00 00 AE 00 AB 00 A9 00 A4 03 A4 B8 1F 09 03 00 00 00 80 51 01 00 00 00 01 00 4D 6D 00 00 00 00 00 00 00 FE FF 7F DC 2F 01 01 B0 0F 00 00 00 E4
               01 10 16 20 00 01 04 4B
[16:30:16,193] 01 10 16 1E 00 01 02 00 00 D2 2F
[16:30:16,194] 55 AA EB 90 01 05 AC 0D 00 00 14 0A 00 00 3C 0A 00 00 42 0E 00 00 FC 0D 00 00 0A 00 00 00 06 0E 00 00 28 0A 00 00 10 0E 00 00 AC 0D 00 00 C4 09 00 00 40 9C 00 00 03 00 00 00 3C 00 00 00 F0 49 02 00 2C 01 00 00 3C 00 00 00 05 00 00 00 E8 03 00 00 BC 02 00 00 58 02 00 00 BC 02 00 00 58 02 00 00 14 00 00 00 32 00 00 00 E8 03 00 00 20 03 00 00 10 00 00 00 01 00 00 00 01 00 00 00 01 00 00 00 90 CA 04 00 DC 05 00 00 B8 0B 00 00 00 00 00 00 00 00 00 00 00 00 00 00 00 00 00 00 00 00 00 00 00 00 00 00 00 00 00 00 00 00 00 00 00 00 00 00 00 00 00 00 00 00 00 00 00 00 00 00 00 00 00 00 00 00 00 00 00 00 00 00 00 00 00 00 00 00 00 00 00 00 00 00 00 00 00 00 00 00 00 00 00 00 00 00 00 00 00 00 00 00 00 00 00 00 00 00 00 00 00 00 00 00 00 00 00 00 00 00 00 00 00 00 00 00 00 00 00 00 00 00 00 00 00 00 00 00 00 00 01 00 00 00 00 00 00 00 60 E3 16 00 00 32 3C 32 18 FE FF FF FF 9F E9 1D 02 00 00 00 00 E6
               01 10 16 1E 00 01 65 87
[16:30:16,500] 02 10 16 20 00 01 02 00 00 C2 01
[16:30:16,909] 03 10 16 20 00 01 02 00 00 CF 91
[16:30:17,323] 04 10 16 20 00 01 02 00 00 E9 A1
[16:30:17,724] 05 10 16 20 00 01 02 00 00 E4 31
[16:30:18,170] 06 10 16 20 00 01 02 00 00 F0 C1
[16:30:18,585] 07 10 16 20 00 01 02 00 00 FD 51
[16:30:18,978] 08 10 16 20 00 01 02 00 00 BC A1
[16:30:19,365] 09 10 16 20 00 01 02 00 00 B1 31
[16:30:19,896] 0A 10 16 20 00 01 02 00 00 A5 C1
[16:30:20,187] 0B 10 16 20 00 01 02 00 00 A8 51
[16:30:20,603] 0C 10 16 20 00 01 02 00 00 8E 61
[16:30:21,106] 0D 10 16 20 00 01 02 00 00 83 F1
[16:30:21,401] 0E 10 16 20 00 01 02 00 00 97 01
[16:30:21,766] 0F 10 16 20 00 01 02 00 00 9A 91
[16:30:22,195] 55 AA EB 90 02 00 C8 0C C7 0C C8 0C C7 0C C7 0C C7 0C C7 0C C8 0C C7 0C C7 0C C7 0C C8 0C C8 0C C8 0C C8 0C C8 0C 00 00 00 00 00 00 00 00 00 00 00 00 00 00 00 00 00 00 00 00 00 00 00 00 00 00 00 00 00 00 00 00 FF FF 00 00 C7 0C 01 00 00 01 3E 00 3B 00 3D 00 3B 00 3E 00 3B 00 3D 00 3B 00 3E 00 3C 00 3E 00 3C 00 3E 00 3D 00 3F 00 3D 00 00 00 00 00 00 00 00 00 00 00 00 00 00 00 00 00 00 00 00 00 00 00 00 00 00 00 00 00 00 00 00 00 BD 00 00 00 00 00 73 CC 00 00 00 00 00 00 00 00 00 00 A9 00 AD 00 00 00 08 00 00 00 00 41 6B 18 03 00 90 CA 04 00 00 00 00 00 FB 01 00 00 64 00 00 00 03 00 04 00 01 01 00 00 00 00 00 00 00 00 00 00 00 00 00 00 FF 00 01 00 00 00 AF 03 00 00 00 00 5E 48 3F 40 00 00 00 00 71 14 00 00 00 01 01 01 00 06 00 00 22 72 26 00 00 00 00 00 BD 00 AE 00 A9 00 AB 03 AA B8 1F 09 05 00 00 00 80 51 01 00 00 00 02 00 AA 67 00 00 00 00 00 00 00 FE FF 7F DC 2F 01 01 B0 0F 00 00 00 D9
               00 10 16 20 00 01 05 9A
[16:30:22,781] 55 AA EB 90 01 00 AC 0D 00 00 14 0A 00 00 3C 0A 00 00 42 0E 00 00 FC 0D 00 00 0A 00 00 00 06 0E 00 00 28 0A 00 00 10 0E 00 00 AC 0D 00 00 C4 09 00 00 40 9C 00 00 03 00 00 00 3C 00 00 00 F0 49 02 00 2C 01 00 00 3C 00 00 00 05 00 00 00 E8 03 00 00 BC 02 00 00 58 02 00 00 BC 02 00 00 58 02 00 00 14 00 00 00 46 00 00 00 20 03 00 00 BC 02 00 00 10 00 00 00 01 00 00 00 01 00 00 00 01 00 00 00 90 CA 04 00 DC 05 00 00 B8 0B 00 00 00 00 00 00 00 00 00 00 00 00 00 00 00 00 00 00 00 00 00 00 00 00 00 00 00 00 00 00 00 00 00 00 00 00 00 00 00 00 00 00 00 00 00 00 00 00 00 00 00 00 00 00 00 00 00 00 00 00 00 00 00 00 00 00 00 00 00 00 00 00 00 00 00 00 00 00 00 00 00 00 00 00 00 00 00 00 00 00 00 00 00 00 00 00 00 00 00 00 00 00 00 00 00 00 00 00 00 00 00 00 00 00 00 00 00 00 00 00 00 00 00 00 00 00 00 00 00 00 00 00 00 00 00 00 00 00 60 E3 16 00 00 32 3C 32 18 FE FF FF FF 9F E9 1D 02 00 00 00 00 C7
               00 10 16 1E 00 01 64 56
[16:30:22,990] 01 10 16 20 00 01 02 00 00 D6 F1
               55 AA EB 90 02 05 C4 0C C4 0C C4 0C C4 0C C4 0C C4 0C C4 0C C4 0C C4 0C C3 0C C4 0C C4 0C C4 0C C4 0C C4 0C C4 0C 00 00 00 00 00 00 00 00 00 00 00 00 00 00 00 00 00 00 00 00 00 00 00 00 00 00 00 00 00 00 00 00 FF FF 00 00 C4 0C 01 00 00 09 3A 00 37 00 3A 00 37 00 3A 00 38 00 3A 00 37 00 3B 00 39 00 3B 00 38 00 3B 00 3A 00 3C 00 3A 00 00 00 00 00 00 00 00 00 00 00 00 00 00 00 00 00 00 00 00 00 00 00 00 00 00 00 00 00 00 00 00 00 AE 00 00 00 00 00 40 CC 00 00 00 00 00 00 00 00 00 00 A7 00 AC 00 00 00 08 00 00 00 00 40 C9 14 03 00 90 CA 04 00 00 00 00 00 17 02 00 00 64 00 00 00 D3 FF 03 00 01 01 00 00 00 00 00 00 00 00 00 00 00 00 00 00 FF 00 01 00 00 00 A8 03 00 00 00 00 9C D7 3E 40 00 00 00 00 6C 14 00 00 00 01 01 01 00 06 00 00 A4 6D 26 00 00 00 00 00 AE 00 AB 00 A9 00 A4 03 AB B8 1F 09 03 00 00 00 80 51 01 00 00 00 01 00 4E 6D 00 00 00 00 00 00 00 FE FF 7F DC 2F 01 01 B0 0F 00 00 00 3F
[16:30:23,001] 01 10 16 20 00 01 04 4B
[16:30:23,447] 01 10 16 1E 00 01 02 00 00 D2 2F
[16:30:23,447] 55 AA EB 90 01 05 AC 0D 00 00 14 0A 00 00 3C 0A 00 00 42 0E 00 00 FC 0D 00 00 0A 00 00 00 06 0E 00 00 28 0A 00 00 10 0E 00 00 AC 0D 00 00 C4 09 00 00 40 9C 00 00 03 00 00 00 3C 00 00 00 F0 49 02 00 2C 01 00 00 3C 00 00 00 05 00 00 00 E8 03 00 00 BC 02 00 00 58 02 00 00 BC 02 00 00 58 02 00 00 14 00 00 00 32 00 00 00 E8 03 00 00 20 03 00 00 10 00 00 00 01 00 00 00 01 00 00 00 01 00 00 00 90 CA 04 00 DC 05 00 00 B8 0B 00 00 00 00 00 00 00 00 00 00 00 00 00 00 00 00 00 00 00 00 00 00 00 00 00 00 00 00 00 00 00 00 00 00 00 00 00 00 00 00 00 00 00 00 00 00 00 00 00 00 00 00 00 00 00 00 00 00 00 00 00 00 00 00 00 00 00 00 00 00 00 00 00 00 00 00 00 00 00 00 00 00 00 00 00 00 00 00 00 00 00 00 00 00 00 00 00 00 00 00 00 00 00 00 00 00 00 00 00 00 00 00 00 00 00 00 00 00 00 00 00 00 00 00 00 00 00 00 00 00 01 00 00 00 00 00 00 00 60 E3 16 00 00 32 3C 32 18 FE FF FF FF 9F E9 1D 02 00 00 00 00 E6
[16:30:23,459] 01 10 16 1E 00 01 65 87
[16:30:23,703] 02 10 16 20 00 01 02 00 00 C2 01
[16:30:24,103] 03 10 16 20 00 01 02 00 00 CF 91
[16:30:24,560] 04 10 16 20 00 01 02 00 00 E9 A1
[16:30:25,036] 05 10 16 20 00 01 02 00 00 E4 31
[16:30:25,428] 06 10 16 20 00 01 02 00 00 F0 C1
[16:30:25,772] 07 10 16 20 00 01 02 00 00 FD 51
[16:30:26,198] 08 10 16 20 00 01 02 00 00 BC A1
[16:30:26,606] 09 10 16 20 00 01 02 00 00 B1 31
[16:30:27,141] 0A 10 16 20 00 01 02 00 00 A5 C1
[16:30:27,299] 0B 10 16 20 00 01 02 00 00 A8 51
[16:30:27,703] 0C 10 16 20 00 01 02 00 00 8E 61
[16:30:28,157] 0D 10 16 20 00 01 02 00 00 83 F1
[16:30:28,575] 0E 10 16 20 00 01 02 00 00 97 01
[16:30:28,957] 0F 10 16 20 00 01 02 00 00 9A 91
[16:30:29,357] 55 AA EB 90 02 00 C8 0C C7 0C C8 0C C7 0C C8 0C C8 0C C7 0C C8 0C C7 0C C7 0C C7 0C C8 0C C8 0C C8 0C C8 0C C8 0C 00 00 00 00 00 00 00 00 00 00 00 00 00 00 00 00 00 00 00 00 00 00 00 00 00 00 00 00 00 00 00 00 FF FF 00 00 C7 0C 01 00 00 01 3E 00 3B 00 3D 00 3B 00 3E 00 3B 00 3D 00 3B 00 3E 00 3C 00 3E 00 3C 00 3E 00 3D 00 3F 00 3D 00 00 00 00 00 00 00 00 00 00 00 00 00 00 00 00 00 00 00 00 00 00 00 00 00 00 00 00 00 00 00 00 00 BD 00 00 00 00 00 75 CC 00 00 00 00 00 00 00 00 00 00 A9 00 AD 00 00 00 08 00 00 00 00 41 6B 18 03 00 90 CA 04 00 00 00 00 00 FB 01 00 00 64 00 00 00 0A 00 04 00 01 01 00 00 00 00 00 00 00 00 00 00 00 00 00 00 FF 00 01 00 00 00 AF 03 00 00 00 00 5E 48 3F 40 00 00 00 00 72 14 00 00 00 01 01 01 00 06 00 00 6A 72 26 00 00 00 00 00 BD 00 AE 00 A9 00 AB 03 B1 B8 1F 09 05 00 00 00 80 51 01 00 00 00 02 00 AA 67 00 00 00 00 00 00 00 FE FF 7F DC 2F 01 01 B0 0F 00 00 00 34
               00 10 16 20 00 01 05 9A
[16:30:29,713] 55 AA EB 90 01 00 AC 0D 00 00 14 0A 00 00 3C 0A 00 00 42 0E 00 00 FC 0D 00 00 0A 00 00 00 06 0E 00 00 28 0A 00 00 10 0E 00 00 AC 0D 00 00 C4 09 00 00 40 9C 00 00 03 00 00 00 3C 00 00 00 F0 49 02 00 2C 01 00 00 3C 00 00 00 05 00 00 00 E8 03 00 00 BC 02 00 00 58 02 00 00 BC 02 00 00 58 02 00 00 14 00 00 00 46 00 00 00 20 03 00 00 BC 02 00 00 10 00 00 00 01 00 00 00 01 00 00 00 01 00 00 00 90 CA 04 00 DC 05 00 00 B8 0B 00 00 00 00 00 00 00 00 00 00 00 00 00 00 00 00 00 00 00 00 00 00 00 00 00 00 00 00 00 00 00 00 00 00 00 00 00 00 00 00 00 00 00 00 00 00 00 00 00 00 00 00 00 00 00 00 00 00 00 00 00 00 00 00 00 00 00 00 00 00 00 00 00 00 00 00 00 00 00 00 00 00 00 00 00 00 00 00 00 00 00 00 00 00 00 00 00 00 00 00 00 00 00 00 00 00 00 00 00 00 00 00 00 00 00 00 00 00 00 00 00 00 00 00 00 00 00 00 00 00 00 00 00 00 00 00 00 00 60 E3 16 00 00 32 3C 32 18 FE FF FF FF 9F E9 1D 02 00 00 00 00 C7 00 10 16 1E 00 01 64 56
[16:30:30,252] 01 10 16 20 00 01 02 00 00 D6 F1
               55 AA EB 90 02 05 C4 0C C4 0C C4 0C C4 0C C4 0C C4 0C C4 0C C4 0C C3 0C C3 0C C4 0C C4 0C C3 0C C4 0C C4 0C C4 0C 00 00 00 00 00 00 00 00 00 00 00 00 00 00 00 00 00 00 00 00 00 00 00 00 00 00 00 00 00 00 00 00 FF FF 00 00 C4 0C 01 00 00 08 3A 00 37 00 3A 00 37 00 3A 00 38 00 3A 00 37 00 3B 00 39 00 3B 00 38 00 3B 00 3A 00 3C 00 3A 00 00 00 00 00 00 00 00 00 00 00 00 00 00 00 00 00 00 00 00 00 00 00 00 00 00 00 00 00 00 00 00 00 AE 00 00 00 00 00 3D CC 00 00 00 00 00 00 00 00 00 00 A8 00 AC 00 00 00 08 00 00 00 00 40 C9 14 03 00 90 CA 04 00 00 00 00 00 17 02 00 00 64 00 00 00 DA FF 03 00 01 01 00 00 00 00 00 00 00 00 00 00 00 00 00 00 FF 00 01 00 00 00 A8 03 00 00 00 00 9C D7 3E 40 00 00 00 00 6C 14 00 00 00 01 01 01 00 06 00 00 EC 6D 26 00 00 00 00 00 AE 00 AB 00 A9 00 A4 03 B2 B8 1F 09 03 00 00 00 80 51 01 00 00 00 01 00 4F 6D 00 00 00 00 00 00 00 FE FF 7F DC 2F 01 01 B0 0F 00 00 00 91
[16:30:30,254] 01 10 16 20 00 01 04 4B
[16:30:30,595] 01 10 16 1E 00 01 02 00 00 D2 2F
[16:30:30,596] 55 AA EB 90 01 05 AC 0D 00 00 14 0A 00 00 3C 0A 00 00 42 0E 00 00 FC 0D 00 00 0A 00 00 00 06 0E 00 00 28 0A 00 00 10 0E 00 00 AC 0D 00 00 C4 09 00 00 40 9C 00 00 03 00 00 00 3C 00 00 00 F0 49 02 00 2C 01 00 00 3C 00 00 00 05 00 00 00 E8 03 00 00 BC 02 00 00 58 02 00 00 BC 02 00 00 58 02 00 00 14 00 00 00 32 00 00 00 E8 03 00 00 20 03 00 00 10 00 00 00 01 00 00 00 01 00 00 00 01 00 00 00 90 CA 04 00 DC 05 00 00 B8 0B 00 00 00 00 00 00 00 00 00 00 00 00 00 00 00 00 00 00 00 00 00 00 00 00 00 00 00 00 00 00 00 00 00 00 00 00 00 00 00 00 00 00 00 00 00 00 00 00 00 00 00 00 00 00 00 00 00 00 00 00 00 00 00 00 00 00 00 00 00 00 00 00 00 00 00 00 00 00 00 00 00 00 00 00 00 00 00 00 00 00 00 00 00 00 00 00 00 00 00 00 00 00 00 00 00 00 00 00 00 00 00 00 00 00 00 00 00 00 00 00 00 00 00 00 00 00 00 00 00 00 01 00 00 00 00 00 00 00 60 E3 16 00 00 32 3C 32 18 FE FF FF FF 9F E9 1D 02 00 00 00 00 E6
[16:30:30,598] 01 10 16 1E 00 01 65 87
[16:30:31,012] 02 10 16 20 00 01 02 00 00 C2 01
[16:30:31,332] 03 10 16 20 00 01 02 00 00 CF 91
[16:30:32,091] 04 10 16 20 00 01 02 00 00 E9 A1
[16:30:32,116] 05 10 16 20 00 01 02 00 00 E4 31
[16:30:32,503] 06 10 16 20 00 01 02 00 00 F0 C1
[16:30:32,973] 07 10 16 20 00 01 02 00 00 FD 51
[16:30:33,335] 08 10 16 20 00 01 02 00 00 BC A1
[16:30:33,704] 09 10 16 20 00 01 02 00 00 B1 31
[16:30:34,106] 0A 10 16 20 00 01 02 00 00 A5 C1
[16:30:34,501] 0B 10 16 20 00 01 02 00 00 A8 51
[16:30:34,939] 0C 10 16 20 00 01 02 00 00 8E 61
[16:30:35,393] 0D 10 16 20 00 01 02 00 00 83 F1
[16:30:35,699] 0E 10 16 20 00 01 02 00 00 97 01
[16:30:36,102] 0F 10 16 20 00 01 02 00 00 9A 91
[16:30:36,606] 55 AA EB 90 02 00 C8 0C C7 0C C7 0C C7 0C C7 0C C8 0C C7 0C C8 0C C7 0C C7 0C C7 0C C8 0C C7 0C C8 0C C7 0C C8 0C 00 00 00 00 00 00 00 00 00 00 00 00 00 00 00 00 00 00 00 00 00 00 00 00 00 00 00 00 00 00 00 00 FF FF 00 00 C7 0C 01 00 00 02 3E 00 3B 00 3D 00 3B 00 3E 00 3B 00 3D 00 3B 00 3E 00 3C 00 3E 00 3C 00 3E 00 3D 00 3F 00 3D 00 00 00 00 00 00 00 00 00 00 00 00 00 00 00 00 00 00 00 00 00 00 00 00 00 00 00 00 00 00 00 00 00 BD 00 00 00 00 00 73 CC 00 00 00 00 00 00 00 00 00 00 AA 00 AD 00 00 00 08 00 00 00 00 41 6B 18 03 00 90 CA 04 00 00 00 00 00 FB 01 00 00 64 00 00 00 12 00 04 00 01 01 00 00 00 00 00 00 00 00 00 00 00 00 00 00 FF 00 01 00 00 00 AF 03 00 00 00 00 5E 48 3F 40 00 00 00 00 71 14 00 00 00 01 01 01 00 06 00 00 B2 72 26 00 00 00 00 00 BD 00 AE 00 A8 00 AB 03 B9 B8 1F 09 05 00 00 00 80 51 01 00 00 00 02 03 AB 67 00 00 00 00 00 00 00 FE FF 7F DC 2F 01 01 B0 0F 00 00 00 8A
               00 10 16 20 00 01 05 9A
[16:30:37,108] 55 AA EB 90 01 00 AC 0D 00 00 14 0A 00 00 3C 0A 00 00 42 0E 00 00 FC 0D 00 00 0A 00 00 00 06 0E 00 00 28 0A 00 00 10 0E 00 00 AC 0D 00 00 C4 09 00 00 40 9C 00 00 03 00 00 00 3C 00 00 00 F0 49 02 00 2C 01 00 00 3C 00 00 00 05 00 00 00 E8 03 00 00 BC 02 00 00 58 02 00 00 BC 02 00 00 58 02 00 00 14 00 00 00 46 00 00 00 20 03 00 00 BC 02 00 00 10 00 00 00 01 00 00 00 01 00 00 00 01 00 00 00 90 CA 04 00 DC 05 00 00 B8 0B 00 00 00 00 00 00 00 00 00 00 00 00 00 00 00 00 00 00 00 00 00 00 00 00 00 00 00 00 00 00 00 00 00 00 00 00 00 00 00 00 00 00 00 00 00 00 00 00 00 00 00 00 00 00 00 00 00 00 00 00 00 00 00 00 00 00 00 00 00 00 00 00 00 00 00 00 00 00 00 00 00 00 00 00 00 00 00 00 00 00 00 00 00 00 00 00 00 00 00 00 00 00 00 00 00 00 00 00 00 00 00 00 00 00 00 00 00 00 00 00 00 00 00 00 00 00 00 00 00 00 00 00 00 00 00 00 00 00 60 E3 16 00 00 32 3C 32 18 FE FF FF FF 9F E9 1D 02 00 00 00 00 C7
               00 10 16 1E 00 01 64 56
[16:30:37,390] 01 10 16 20 00 01 02 00 00 D6 F1
               55 AA EB 90 02 05 C3 0C C4 0C C4 0C C4 0C C4 0C C3 0C C4 0C C4 0C C4 0C C3 0C C4 0C C4 0C C4 0C C4 0C C4 0C C4 0C 00 00 00 00 00 00 00 00 00 00 00 00 00 00 00 00 00 00 00 00 00 00 00 00 00 00 00 00 00 00 00 00 FF FF 00 00 C4 0C 01 00 01 00 3A 00 37 00 3A 00 37 00 3A 00 38 00 3A 00 37 00 3B 00 39 00 3B 00 38 00 3B 00 3A 00 3C 00 3A 00 00 00 00 00 00 00 00 00 00 00 00 00 00 00 00 00 00 00 00 00 00 00 00 00 00 00 00 00 00 00 00 00 AE 00 00 00 00 00 3D CC 00 00 00 00 00 00 00 00 00 00 A7 00 AC 00 00 00 08 00 00 00 00 40 C9 14 03 00 90 CA 04 00 00 00 00 00 17 02 00 00 64 00 00 00 E2 FF 03 00 01 01 00 00 00 00 00 00 00 00 00 00 00 00 00 00 FF 00 01 00 00 00 A8 03 00 00 00 00 9C D7 3E 40 00 00 00 00 6C 14 00 00 00 01 01 01 00 06 00 00 34 6E 26 00 00 00 00 00 AE 00 AB 00 A9 00 A4 03 BA B8 1F 09 03 00 00 00 80 51 01 00 00 00 01 00 4F 6D 00 00 00 00 00 00 00 FE FF 7F DC 2F 01 01 B0 0F 00 00 00 E2
[16:30:37,402] 01 10 16 20 00 01 04 4B
[16:30:37,890] 01 10 16 1E 00 01 02 00 00 D2 2F
[16:30:37,893] 55 AA EB 90 01 05 AC 0D 00 00 14 0A 00 00 3C 0A 00 00 42 0E 00 00 FC 0D 00 00 0A 00 00 00 06 0E 00 00 28 0A 00 00 10 0E 00 00 AC 0D 00 00 C4 09 00 00 40 9C 00 00 03 00 00 00 3C 00 00 00 F0 49 02 00 2C 01 00 00 3C 00 00 00 05 00 00 00 E8 03 00 00 BC 02 00 00 58 02 00 00 BC 02 00 00 58 02 00 00 14 00 00 00 32 00 00 00 E8 03 00 00 20 03 00 00 10 00 00 00 01 00 00 00 01 00 00 00 01 00 00 00 90 CA 04 00 DC 05 00 00 B8 0B 00 00 00 00 00 00 00 00 00 00 00 00 00 00 00 00 00 00 00 00 00 00 00 00 00 00 00 00 00 00 00 00 00 00 00 00 00 00 00 00 00 00 00 00 00 00 00 00 00 00 00 00 00 00 00 00 00 00 00 00 00 00 00 00 00 00 00 00 00 00 00 00 00 00 00 00 00 00 00 00 00 00 00 00 00 00 00 00 00 00 00 00 00 00 00 00 00 00 00 00 00 00 00 00 00 00 00 00 00 00 00 00 00 00 00 00 00 00 00 00 00 00 00 00 00 00 00 00 00 00 01 00 00 00 00 00 00 00 60 E3 16 00 00 32 3C 32 18 FE FF FF FF 9F E9 1D 02 00 00 00 00 E6
[16:30:37,940] 01 10 16 1E 00 01 65 87
[16:30:38,186] 02 10 16 20 00 01 02 00 00 C2 01
[16:30:38,711] 03 10 16 20 00 01 02 00 00 CF 91
[16:30:38,997] 04 10 16 20 00 01 02 00 00 E9 A1
[16:30:39,423] 05 10 16 20 00 01 02 00 00 E4 31
[16:30:39,999] 06 10 16 20 00 01 02 00 00 F0 C1
[16:30:40,108] 07 10 16 20 00 01 02 00 00 FD 51
[16:30:40,697] 08 10 16 20 00 01 02 00 00 BC A1
[16:30:41,379] 09 10 16 20 00 01 02 00 00 B1 31
[16:30:41,503] 0A 10 16 20 00 01 02 00 00 A5 C1
[16:30:41,882] 0B 10 16 20 00 01 02 00 00 A8 51
[16:30:42,435] 0C 10 16 20 00 01 02 00 00 8E 61
[16:30:42,522] 0D 10 16 20 00 01 02 00 00 83 F1
[16:30:42,939] 0E 10 16 20 00 01 02 00 00 97 01
[16:30:43,301] 0F 10 16 20 00 01 02 00 00 9A 91
[16:30:43,808] 55 AA EB 90 02 00 C7 0C C7 0C C8 0C C7 0C C7 0C C7 0C C7 0C C8 0C C7 0C C7 0C C7 0C C7 0C C7 0C C8 0C C8 0C C8 0C 00 00 00 00 00 00 00 00 00 00 00 00 00 00 00 00 00 00 00 00 00 00 00 00 00 00 00 00 00 00 00 00 FF FF 00 00 C7 0C 01 00 00 01 3E 00 3B 00 3D 00 3B 00 3E 00 3B 00 3D 00 3B 00 3E 00 3C 00 3E 00 3C 00 3E 00 3D 00 3F 00 3D 00 00 00 00 00 00 00 00 00 00 00 00 00 00 00 00 00 00 00 00 00 00 00 00 00 00 00 00 00 00 00 00 00 BD 00 00 00 00 00 74 CC 00 00 00 00 00 00 00 00 00 00 A9 00 AD 00 00 00 08 00 00 00 00 41 6B 18 03 00 90 CA 04 00 00 00 00 00 FB 01 00 00 64 00 00 00 19 00 04 00 01 01 00 00 00 00 00 00 00 00 00 00 00 00 00 00 FF 00 01 00 00 00 AF 03 00 00 00 00 5E 48 3F 40 00 00 00 00 72 14 00 00 00 01 01 01 00 06 00 00 FA 72 26 00 00 00 00 00 BD 00 AE 00 A8 00 AB 03 C0 B8 1F 09 05 00 00 00 80 51 01 00 00 00 02 03 AC 67 00 00 00 00 00 00 00 FE FF 7F DC 2F 01 01 B0 0F 00 00 00 E0
               00 10 16 20 00 01 05 9A
[16:30:44,309] 55 AA EB 90 01 00 AC 0D 00 00 14 0A 00 00 3C 0A 00 00 42 0E 00 00 FC 0D 00 00 0A 00 00 00 06 0E 00 00 28 0A 00 00 10 0E 00 00 AC 0D 00 00 C4 09 00 00 40 9C 00 00 03 00 00 00 3C 00 00 00 F0 49 02 00 2C 01 00 00 3C 00 00 00 05 00 00 00 E8 03 00 00 BC 02 00 00 58 02 00 00 BC 02 00 00 58 02 00 00 14 00 00 00 46 00 00 00 20 03 00 00 BC 02 00 00 10 00 00 00 01 00 00 00 01 00 00 00 01 00 00 00 90 CA 04 00 DC 05 00 00 B8 0B 00 00 00 00 00 00 00 00 00 00 00 00 00 00 00 00 00 00 00 00 00 00 00 00 00 00 00 00 00 00 00 00 00 00 00 00 00 00 00 00 00 00 00 00 00 00 00 00 00 00 00 00 00 00 00 00 00 00 00 00 00 00 00 00 00 00 00 00 00 00 00 00 00 00 00 00 00 00 00 00 00 00 00 00 00 00 00 00 00 00 00 00 00 00 00 00 00 00 00 00 00 00 00 00 00 00 00 00 00 00 00 00 00 00 00 00 00 00 00 00 00 00 00 00 00 00 00 00 00 00 00 00 00 00 00 00 00 00 60 E3 16 00 00 32 3C 32 18 FE FF FF FF 9F E9 1D 02 00 00 00 00 C7
               00 10 16 1E 00 01 64 56
[16:30:44,627] 01 10 16 20 00 01 02 00 00 D6 F1
[16:30:44,629] 55 AA EB 90 02 05 C3 0C C4 0C C4 0C C4 0C C4 0C C4 0C C4 0C C4 0C C4 0C C4 0C C4 0C C3 0C C4 0C C4 0C C4 0C C4 0C 00 00 00 00 00 00 00 00 00 00 00 00 00 00 00 00 00 00 00 00 00 00 00 00 00 00 00 00 00 00 00 00 FF FF 00 00 C4 0C 01 00 01 00 3A 00 37 00 3A 00 37 00 3A 00 38 00 3A 00 37 00 3B 00 39 00 3B 00 38 00 3B 00 3A 00 3C 00 3A 00 00 00 00 00 00 00 00 00 00 00 00 00 00 00 00 00 00 00 00 00 00 00 00 00 00 00 00 00 00 00 00 00 AE 00 00 00 00 00 3D CC 00 00 00 00 00 00 00 00 00 00 A7 00 AC 00 00 00 08 00 00 00 00 40 C9 14 03 00 90 CA 04 00 00 00 00 00 17 02 00 00 64 00 00 00 E9 FF 03 00 01 01 00 00 00 00 00 00 00 00 00 00 00 00 00 00 FF 00 01 00 00 00 A8 03 00 00 00 00 9C D7 3E 40 00 00 00 00 6C 14 00 00 00 01 01 01 00 06 00 00 7C 6E 26 00 00 00 00 00 AE 00 AB 00 A9 00 A4 03 C1 B8 1F 09 03 00 00 00 80 51 01 00 00 00 01 00 50 6D 00 00 00 00 00 00 00 FE FF 7F DC 2F 01 01 B0 0F 00 00 00 3A
[16:30:44,641] 01 10 16 20 00 01 04 4B
[16:30:45,138] 01 10 16 1E 00 01 02 00 00 D2 2F 
               55 AA EB 90 01 05 AC 0D 00 00 14 0A 00 00 3C 0A 00 00 42 0E 00 00 FC 0D 00 00 0A 00 00 00 06 0E 00 00 28 0A 00 00 10 0E 00 00 AC 0D 00 00 C4 09 00 00 40 9C 00 00 03 00 00 00 3C 00 00 00 F0 49 02 00 2C 01 00 00 3C 00 00 00 05 00 00 00 E8 03 00 00 BC 02 00 00 58 02 00 00 BC 02 00 00 58 02 00 00 14 00 00 00 32 00 00 00 E8 03 00 00 20 03 00 00 10 00 00 00 01 00 00 00 01 00 00 00 01 00 00 00 90 CA 04 00 DC 05 00 00 B8 0B 00 00 00 00 00 00 00 00 00 00 00 00 00 00 00 00 00 00 00 00 00 00 00 00 00 00 00 00 00 00 00 00 00 00 00 00 00 00 00 00 00 00 00 00 00 00 00 00 00 00 00 00 00 00 00 00 00 00 00 00 00 00 00 00 00 00 00 00 00 00 00 00 00 00 00 00 00 00 00 00 00 00 00 00 00 00 00 00 00 00 00 00 00 00 00 00 00 00 00 00 00 00 00 00 00 00 00 00 00 00 00 00 00 00 00 00 00 00 00 00 00 00 00 00 00 00 00 00 00 00 01 00 00 00 00 00 00 00 60 E3 16 00 00 32 3C 32 18 FE FF FF FF 9F E9 1D 02 00 00 00 00 E6
[16:30:45,142] 01 10 16 1E 00 01 65 87
[16:30:45,297] 02 10 16 20 00 01 02 00 00 C2 01
[16:30:45,790] 03 10 16 20 00 01 02 00 00 CF 91
[16:30:46,342] 04 10 16 20 00 01 02 00 00 E9 A1
[16:30:46,499] 05 10 16 20 00 01 02 00 00 E4 31
[16:30:47,051] 06 10 16 20 00 01 02 00 00 F0 C1
[16:30:47,379] 07 10 16 20 00 01 02 00 00 FD 51
[16:30:47,860] 08 10 16 20 00 01 02 00 00 BC A1
[16:30:48,204] 09 10 16 20 00 01 02 00 00 B1 31
[16:30:48,545] 0A 10 16 20 00 01 02 00 00 A5 C1
[16:30:48,975] 0B 10 16 20 00 01 02 00 00 A8 51
[16:30:49,316] 0C 10 16 20 00 01 02 00 00 8E 61
[16:30:49,746] 0D 10 16 20 00 01 02 00 00 83 F1
[16:30:50,146] 0E 10 16 20 00 01 02 00 00 97 01
[16:30:50,504] 0F 10 16 20 00 01 02 00 00 9A 91
[16:30:50,909] 55 AA EB 90 02 00 C8 0C C7 0C C8 0C C7 0C C8 0C C7 0C C7 0C C8 0C C7 0C C8 0C C7 0C C7 0C C7 0C C7 0C C7 0C C8 0C 00 00 00 00 00 00 00 00 00 00 00 00 00 00 00 00 00 00 00 00 00 00 00 00 00 00 00 00 00 00 00 00 FF FF 00 00 C7 0C 01 00 02 00 3E 00 3B 00 3D 00 3B 00 3E 00 3B 00 3D 00 3B 00 3E 00 3C 00 3E 00 3C 00 3E 00 3D 00 3F 00 3D 00 00 00 00 00 00 00 00 00 00 00 00 00 00 00 00 00 00 00 00 00 00 00 00 00 00 00 00 00 00 00 00 00 BD 00 00 00 00 00 76 CC 00 00 00 00 00 00 00 00 00 00 AA 00 AD 00 00 00 08 00 00 00 00 41 6B 18 03 00 90 CA 04 00 00 00 00 00 FB 01 00 00 64 00 00 00 20 00 04 00 01 01 00 00 00 00 00 00 00 00 00 00 00 00 00 00 FF 00 01 00 00 00 AF 03 00 00 00 00 5E 48 3F 40 00 00 00 00 72 14 00 00 00 01 01 01 00 06 00 00 42 73 26 00 00 00 00 00 BD 00 AE 00 A8 00 AB 03 C7 B8 1F 09 05 00 00 00 80 51 01 00 00 00 02 03 AD 67 00 00 00 00 00 00 00 FE FF 7F DC 2F 01 01 B0 0F 00 00 00 3D
               00 10 16 20 00 01 05 9A
[16:30:51,370] 55 AA EB 90 01 00 AC 0D 00 00 14 0A 00 00 3C 0A 00 00 42 0E 00 00 FC 0D 00 00 0A 00 00 00 06 0E 00 00 28 0A 00 00 10 0E 00 00 AC 0D 00 00 C4 09 00 00 40 9C 00 00 03 00 00 00 3C 00 00 00 F0 49 02 00 2C 01 00 00 3C 00 00 00 05 00 00 00 E8 03 00 00 BC 02 00 00 58 02 00 00 BC 02 00 00 58 02 00 00 14 00 00 00 46 00 00 00 20 03 00 00 BC 02 00 00 10 00 00 00 01 00 00 00 01 00 00 00 01 00 00 00 90 CA 04 00 DC 05 00 00 B8 0B 00 00 00 00 00 00 00 00 00 00 00 00 00 00 00 00 00 00 00 00 00 00 00 00 00 00 00 00 00 00 00 00 00 00 00 00 00 00 00 00 00 00 00 00 00 00 00 00 00 00 00 00 00 00 00 00 00 00 00 00 00 00 00 00 00 00 00 00 00 00 00 00 00 00 00 00 00 00 00 00 00 00 00 00 00 00 00 00 00 00 00 00 00 00 00 00 00 00 00 00 00 00 00 00 00 00 00 00 00 00 00 00 00 00 00 00 00 00 00 00 00 00 00 00 00 00 00 00 00 00 00 00 00 00 00 00 00 00 60 E3 16 00 00 32 3C 32 18 FE FF FF FF 9F E9 1D 02 00 00 00 00 C7
               00 10 16 1E 00 01 64 56
[16:30:51,811] 01 10 16 20 00 01 02 00 00 D6 F1 
               55 AA EB 90 02 05 C3 0C C4 0C C4 0C C4 0C C4 0C C4 0C C4 0C C4 0C C4 0C C3 0C C4 0C C4 0C C4 0C C4 0C C4 0C C4 0C 00 00 00 00 00 00 00 00 00 00 00 00 00 00 00 00 00 00 00 00 00 00 00 00 00 00 00 00 00 00 00 00 FF FF 00 00 C4 0C 01 00 00 07 3A 00 37 00 3A 00 37 00 3A 00 38 00 3A 00 37 00 3B 00 39 00 3B 00 38 00 3B 00 3A 00 3C 00 3A 00 00 00 00 00 00 00 00 00 00 00 00 00 00 00 00 00 00 00 00 00 00 00 00 00 00 00 00 00 00 00 00 00 AF 00 00 00 00 00 3D CC 00 00 00 00 00 00 00 00 00 00 A7 00 AC 00 00 00 08 00 00 00 00 40 C9 14 03 00 90 CA 04 00 00 00 00 00 17 02 00 00 64 00 00 00 F0 FF 03 00 01 01 00 00 00 00 00 00 00 00 00 00 00 00 00 00 FF 00 01 00 00 00 A8 03 00 00 00 00 9C D7 3E 40 00 00 00 00 6C 14 00 00 00 01 01 01 00 06 00 00 C4 6E 26 00 00 00 00 00 AF 00 AB 00 A9 00 A4 03 C8 B8 1F 09 03 00 00 00 80 51 01 00 00 00 01 00 51 6D 00 00 00 00 00 00 00 FE FF 7F DC 2F 01 01 B0 0F 00 00 00 99
               01 10 16 20 00 01 04 4B
[16:30:52,205] 01 10 16 1E 00 01 02 00 00 D2 2F
               55 AA EB 90 01 05 AC 0D 00 00 14 0A 00 00 3C 0A 00 00 42 0E 00 00 FC 0D 00 00 0A 00 00 00 06 0E 00 00 28 0A 00 00 10 0E 00 00 AC 0D 00 00 C4 09 00 00 40 9C 00 00 03 00 00 00 3C 00 00 00 F0 49 02 00 2C 01 00 00 3C 00 00 00 05 00 00 00 E8 03 00 00 BC 02 00 00 58 02 00 00 BC 02 00 00 58 02 00 00 14 00 00 00 32 00 00 00 E8 03 00 00 20 03 00 00 10 00 00 00 01 00 00 00 01 00 00 00 01 00 00 00 90 CA 04 00 DC 05 00 00 B8 0B 00 00 00 00 00 00 00 00 00 00 00 00 00 00 00 00 00 00 00 00 00 00 00 00 00 00 00 00 00 00 00 00 00 00 00 00 00 00 00 00 00 00 00 00 00 00 00 00 00 00 00 00 00 00 00 00 00 00 00 00 00 00 00 00 00 00 00 00 00 00 00 00 00 00 00 00 00 00 00 00 00 00 00 00 00 00 00 00 00 00 00 00 00 00 00 00 00 00 00 00 00 00 00 00 00 00 00 00 00 00 00 00 00 00 00 00 00 00 00 00 00 00 00 00 00 00 00 00 00 00 01 00 00 00 00 00 00 00 60 E3 16 00 00 32 3C 32 18 FE FF FF FF 9F E9 1D 02 00 00 00 00 E6
[16:30:52,208] 01 10 16 1E 00 01 65 87
[16:30:52,597] 02 10 16 20 00 01 02 00 00 C2 01
[16:30:53,110] 03 10 16 20 00 01 02 00 00 CF 91
[16:30:53,370] 04 10 16 20 00 01 02 00 00 E9 A1
[16:30:54,372] 05 10 16 20 00 01 02 00 00 E4 31
[16:30:54,373] 06 10 16 20 00 01 02 00 00 F0 C1